<?xml version="1.0" encoding="UTF-8"?>
<testng-results skipped="0" failed="0" ignored="0" total="2" passed="2">
  <reporter-output>
  </reporter-output>
  <suite name="Tester" duration-ms="1754" started-at="2019-03-09T01:21:30 EST" finished-at="2019-03-09T01:21:32 EST">
    <groups>
    </groups>
    <test name="Bank Manager Login Test" duration-ms="1167" started-at="2019-03-09T01:21:30 EST" finished-at="2019-03-09T01:21:32 EST">
      <class name="com.verticalbytes.testcases.BankManagerLoginTest">
        <test-method status="PASS" signature="loginAsBankManager()[pri:0, instance:com.verticalbytes.testcases.BankManagerLoginTest@16a0ee18]" name="loginAsBankManager" duration-ms="979" started-at="2019-03-09T01:21:30 EST" finished-at="2019-03-09T01:21:31 EST">
          <reporter-output>
          </reporter-output>
        </test-method> <!-- loginAsBankManager -->
      </class> <!-- com.verticalbytes.testcases.BankManagerLoginTest -->
    </test> <!-- Bank Manager Login Test -->
    <test name="Add Customer Test" duration-ms="578" started-at="2019-03-09T01:21:32 EST" finished-at="2019-03-09T01:21:32 EST">
      <class name="com.verticalbytes.testcases.AddCustomerTest">
        <test-method status="PASS" signature="setUp()[pri:0, instance:com.verticalbytes.testcases.AddCustomerTest@611889f4]" name="setUp" is-config="true" duration-ms="4863" started-at="2019-03-09T01:21:26 EST" finished-at="2019-03-09T01:21:30 EST">
          <reporter-output>
          </reporter-output>
        </test-method> <!-- setUp -->
        <test-method status="PASS" signature="addCustomer()[pri:0, instance:com.verticalbytes.testcases.AddCustomerTest@611889f4]" name="addCustomer" duration-ms="531" started-at="2019-03-09T01:21:32 EST" finished-at="2019-03-09T01:21:32 EST">
          <reporter-output>
          </reporter-output>
        </test-method> <!-- addCustomer -->
        <test-method status="PASS" signature="tearDown()[pri:0, instance:com.verticalbytes.testcases.AddCustomerTest@611889f4]" name="tearDown" is-config="true" duration-ms="527" started-at="2019-03-09T01:21:32 EST" finished-at="2019-03-09T01:21:33 EST">
          <reporter-output>
          </reporter-output>
        </test-method> <!-- tearDown -->
      </class> <!-- com.verticalbytes.testcases.AddCustomerTest -->
    </test> <!-- Add Customer Test -->
  </suite> <!-- Tester -->
</testng-results>
