<?xml version="1.0" encoding="UTF-8"?>
<testsuite xmlns:xsi="http://www.w3.org/2001/XMLSchema-instance" xsi:noNamespaceSchemaLocation="https://maven.apache.org/surefire/maven-surefire-plugin/xsd/surefire-test-report-3.0.xsd" version="3.0" name="TestSuite" time="9.549" tests="2" errors="0" skipped="0" failures="0">
  <properties>
[...]
</properties>
  <testcase name="loginAsBankManager" classname="com.verticalbytes.testcases.BankManagerLoginTest" time="1.151"/>
  <testcase name="addCustomer" classname="com.verticalbytes.testcases.AddCustomerTest" time="0.577"/>
</testsuite>