<?xml version="1.0" encoding="UTF-8"?>
<testng-results skipped="0" failed="0" ignored="0" total="2" passed="2">
  <reporter-output>
  </reporter-output>
  <suite name="Tester" duration-ms="2056" started-at="2019-03-09T01:09:53 EST" finished-at="2019-03-09T01:09:55 EST">
    <groups>
    </groups>
    <test name="Bank Manager Login Test" duration-ms="1376" started-at="2019-03-09T01:09:53 EST" finished-at="2019-03-09T01:09:55 EST">
      <class name="com.verticalbytes.testcases.BankManagerLoginTest">
        <test-method status="PASS" signature="loginAsBankManager()[pri:0, instance:com.verticalbytes.testcases.BankManagerLoginTest@2289aca5]" name="loginAsBankManager" duration-ms="1120" started-at="2019-03-09T01:09:53 EST" finished-at="2019-03-09T01:09:54 EST">
          <reporter-output>
          </reporter-output>
        </test-method> <!-- loginAsBankManager -->
      </class> <!-- com.verticalbytes.testcases.BankManagerLoginTest -->
    </test> <!-- Bank Manager Login Test -->
    <test name="Add Customer Test" duration-ms="667" started-at="2019-03-09T01:09:55 EST" finished-at="2019-03-09T01:09:55 EST">
      <class name="com.verticalbytes.testcases.AddCustomerTest">
        <test-method status="PASS" signature="setUp()[pri:0, instance:com.verticalbytes.testcases.AddCustomerTest@2552f2cb]" name="setUp" is-config="true" duration-ms="4792" started-at="2019-03-09T01:09:49 EST" finished-at="2019-03-09T01:09:53 EST">
          <reporter-output>
          </reporter-output>
        </test-method> <!-- setUp -->
        <test-method status="PASS" signature="addCustomer()[pri:0, instance:com.verticalbytes.testcases.AddCustomerTest@2552f2cb]" name="addCustomer" duration-ms="623" started-at="2019-03-09T01:09:55 EST" finished-at="2019-03-09T01:09:55 EST">
          <reporter-output>
          </reporter-output>
        </test-method> <!-- addCustomer -->
        <test-method status="PASS" signature="tearDown()[pri:0, instance:com.verticalbytes.testcases.AddCustomerTest@2552f2cb]" name="tearDown" is-config="true" duration-ms="579" started-at="2019-03-09T01:09:55 EST" finished-at="2019-03-09T01:09:56 EST">
          <reporter-output>
          </reporter-output>
        </test-method> <!-- tearDown -->
      </class> <!-- com.verticalbytes.testcases.AddCustomerTest -->
    </test> <!-- Add Customer Test -->
  </suite> <!-- Tester -->
</testng-results>
